# JRE version: OpenJDK Runtime Environment Temurin-17.0.12+7 (17.0.12+7) (build 17.0.12+7)
# Java VM: OpenJDK 64-Bit Server VM Temurin-17.0.12+7 (17.0.12+7, mixed mode, emulated-client, tiered, compressed oops, compressed class ptrs, g1 gc, windows-amd64)
GC Precious Log:
 CPUs: 16 total, 16 available
 Memory: 10085M
 Large Page Support: Disabled
 NUMA Support: Disabled
 Compressed Oops: Enabled (32-bit)
 Heap Region Size: 1M
 Heap Min Capacity: 8M
 Heap Initial Capacity: 158M
 Heap Max Capacity: 1G
 Pre-touch: Disabled
 Parallel Workers: 13
 Concurrent Workers: 3
 Concurrent Refinement Workers: 13
 Periodic GC: Disabled
Heap:
 garbage-first heap   total 130048K, used 37988K [0x00000000c0000000, 0x0000000100000000)
  region size 1024K, 1 young (1024K), 0 survivors (0K)
 Metaspace       used 63200K, committed 63680K, reserved 1114112K
  class space    used 7755K, committed 8000K, reserved 1048576K
GC Heap History (20 events):
Event: 24228.492 GC heap after
{Heap after GC invocations=2058 (full 2024):
 garbage-first heap   total 130048K, used 37988K [0x00000000c0000000, 0x0000000100000000)
  region size 1024K, 0 young (0K), 0 survivors (0K)
 Metaspace       used 63200K, committed 63680K, reserved 1114112K
  class space    used 7755K, committed 8000K, reserved 1048576K
}
Event: 24238.733 GC heap before
{Heap before GC invocations=2058 (full 2024):
 garbage-first heap   total 130048K, used 37988K [0x00000000c0000000, 0x0000000100000000)
  region size 1024K, 1 young (1024K), 0 survivors (0K)
 Metaspace       used 63200K, committed 63680K, reserved 1114112K
  class space    used 7755K, committed 8000K, reserved 1048576K
}
Event: 24238.765 GC heap after
{Heap after GC invocations=2059 (full 2025):
 garbage-first heap   total 130048K, used 37988K [0x00000000c0000000, 0x0000000100000000)
  region size 1024K, 0 young (0K), 0 survivors (0K)
 Metaspace       used 63200K, committed 63680K, reserved 1114112K
  class space    used 7755K, committed 8000K, reserved 1048576K
}
Event: 24248.985 GC heap before
{Heap before GC invocations=2059 (full 2025):
 garbage-first heap   total 130048K, used 37988K [0x00000000c0000000, 0x0000000100000000)
  region size 1024K, 1 young (1024K), 0 survivors (0K)
 Metaspace       used 63200K, committed 63680K, reserved 1114112K
  class space    used 7755K, committed 8000K, reserved 1048576K
}
Event: 24249.019 GC heap after
{Heap after GC invocations=2060 (full 2026):
 garbage-first heap   total 130048K, used 37988K [0x00000000c0000000, 0x0000000100000000)
  region size 1024K, 0 young (0K), 0 survivors (0K)
 Metaspace       used 63200K, committed 63680K, reserved 1114112K
  class space    used 7755K, committed 8000K, reserved 1048576K
}
Event: 24259.260 GC heap before
{Heap before GC invocations=2060 (full 2026):
 garbage-first heap   total 130048K, used 37988K [0x00000000c0000000, 0x0000000100000000)
  region size 1024K, 1 young (1024K), 0 survivors (0K)
 Metaspace       used 63200K, committed 63680K, reserved 1114112K
  class space    used 7755K, committed 8000K, reserved 1048576K
}
Event: 24259.293 GC heap after
{Heap after GC invocations=2061 (full 2027):
 garbage-first heap   total 130048K, used 37988K [0x00000000c0000000, 0x0000000100000000)
  region size 1024K, 0 young (0K), 0 survivors (0K)
 Metaspace       used 63200K, committed 63680K, reserved 1114112K
  class space    used 7755K, committed 8000K, reserved 1048576K
}
Event: 24269.506 GC heap before
{Heap before GC invocations=2061 (full 2027):
 garbage-first heap   total 130048K, used 37988K [0x00000000c0000000, 0x0000000100000000)
  region size 1024K, 1 young (1024K), 0 survivors (0K)
 Metaspace       used 63200K, committed 63680K, reserved 1114112K
  class space    used 7755K, committed 8000K, reserved 1048576K
}
Event: 24269.538 GC heap after
{Heap after GC invocations=2062 (full 2028):
 garbage-first heap   total 130048K, used 37988K [0x00000000c0000000, 0x0000000100000000)
  region size 1024K, 0 young (0K), 0 survivors (0K)
 Metaspace       used 63200K, committed 63680K, reserved 1114112K
  class space    used 7755K, committed 8000K, reserved 1048576K
}
Event: 24279.748 GC heap before
{Heap before GC invocations=2062 (full 2028):
 garbage-first heap   total 130048K, used 37988K [0x00000000c0000000, 0x0000000100000000)
  region size 1024K, 1 young (1024K), 0 survivors (0K)
 Metaspace       used 63200K, committed 63680K, reserved 1114112K
  class space    used 7755K, committed 8000K, reserved 1048576K
}
Event: 24279.780 GC heap after
{Heap after GC invocations=2063 (full 2029):
 garbage-first heap   total 130048K, used 37988K [0x00000000c0000000, 0x0000000100000000)
  region size 1024K, 0 young (0K), 0 survivors (0K)
 Metaspace       used 63200K, committed 63680K, reserved 1114112K
  class space    used 7755K, committed 8000K, reserved 1048576K
}
Event: 24289.982 GC heap before
{Heap before GC invocations=2063 (full 2029):
 garbage-first heap   total 130048K, used 37988K [0x00000000c0000000, 0x0000000100000000)
  region size 1024K, 1 young (1024K), 0 survivors (0K)
 Metaspace       used 63200K, committed 63680K, reserved 1114112K
  class space    used 7755K, committed 8000K, reserved 1048576K
}
Event: 24290.014 GC heap after
{Heap after GC invocations=2064 (full 2030):
 garbage-first heap   total 130048K, used 37988K [0x00000000c0000000, 0x0000000100000000)
  region size 1024K, 0 young (0K), 0 survivors (0K)
 Metaspace       used 63200K, committed 63680K, reserved 1114112K
  class space    used 7755K, committed 8000K, reserved 1048576K
}
Event: 24300.326 GC heap before
{Heap before GC invocations=2064 (full 2030):
 garbage-first heap   total 130048K, used 37988K [0x00000000c0000000, 0x0000000100000000)
  region size 1024K, 1 young (1024K), 0 survivors (0K)
 Metaspace       used 63200K, committed 63680K, reserved 1114112K
  class space    used 7755K, committed 8000K, reserved 1048576K
}
Event: 24300.363 GC heap after
{Heap after GC invocations=2065 (full 2031):
 garbage-first heap   total 130048K, used 37988K [0x00000000c0000000, 0x0000000100000000)
  region size 1024K, 0 young (0K), 0 survivors (0K)
 Metaspace       used 63200K, committed 63680K, reserved 1114112K
  class space    used 7755K, committed 8000K, reserved 1048576K
}
Event: 24310.730 GC heap before
{Heap before GC invocations=2065 (full 2031):
 garbage-first heap   total 130048K, used 37988K [0x00000000c0000000, 0x0000000100000000)
  region size 1024K, 1 young (1024K), 0 survivors (0K)
 Metaspace       used 63200K, committed 63680K, reserved 1114112K
  class space    used 7755K, committed 8000K, reserved 1048576K
}
Event: 24310.777 GC heap after
{Heap after GC invocations=2066 (full 2032):
 garbage-first heap   total 130048K, used 37988K [0x00000000c0000000, 0x0000000100000000)
  region size 1024K, 0 young (0K), 0 survivors (0K)
 Metaspace       used 63200K, committed 63680K, reserved 1114112K
  class space    used 7755K, committed 8000K, reserved 1048576K
}
Event: 24321.177 GC heap before
{Heap before GC invocations=2066 (full 2032):
 garbage-first heap   total 130048K, used 37988K [0x00000000c0000000, 0x0000000100000000)
  region size 1024K, 1 young (1024K), 0 survivors (0K)
 Metaspace       used 63200K, committed 63680K, reserved 1114112K
  class space    used 7755K, committed 8000K, reserved 1048576K
}
Event: 24321.235 GC heap after
{Heap after GC invocations=2067 (full 2033):
 garbage-first heap   total 130048K, used 37988K [0x00000000c0000000, 0x0000000100000000)
  region size 1024K, 0 young (0K), 0 survivors (0K)
 Metaspace       used 63200K, committed 63680K, reserved 1114112K
  class space    used 7755K, committed 8000K, reserved 1048576K
}
Event: 24331.294 GC heap before
{Heap before GC invocations=2067 (full 2033):
 garbage-first heap   total 130048K, used 37988K [0x00000000c0000000, 0x0000000100000000)
  region size 1024K, 1 young (1024K), 0 survivors (0K)
 Metaspace       used 63200K, committed 63680K, reserved 1114112K
  class space    used 7755K, committed 8000K, reserved 1048576K
}

